<?xml version="1.0" encoding="UTF-8"?>
<!-- Generated by org.testng.reporters.JUnitXMLReporter -->
<testsuite hostname="NHD050148" ignored="0" name="ITMS_APP(failed)" tests="1" failures="1" timestamp="14 Jul 2020 11:10:28 GMT" time="14.33" errors="0">
  <testcase name="loginTest" time="10.757" classname="com.Legato.testCases.LoginTest">
    <failure type="java.io.IOException" message="Source &amp;apos;C:\Users\HARISH~1.LIN\AppData\Local\Temp\screenshot612624249886572480.png&amp;apos; exists but is not a directory">
      <![CDATA[java.io.IOException: Source 'C:\Users\HARISH~1.LIN\AppData\Local\Temp\screenshot612624249886572480.png' exists but is not a directory
at org.apache.commons.io.FileUtils.copyDirectory(FileUtils.java:1371)
at org.apache.commons.io.FileUtils.copyDirectory(FileUtils.java:1261)
at org.apache.commons.io.FileUtils.copyDirectory(FileUtils.java:1230)
at com.Legato.testCases.BaseClass.captureScreen(BaseClass.java:47)
at com.Legato.testCases.LoginTest.loginTest(LoginTest.java:28)
... Removed 25 stack frames]]>
    </failure>
  </testcase> <!-- loginTest -->
</testsuite> <!-- ITMS_APP(failed) -->
