<?xml version="1.0" encoding="UTF-8"?>
<testng-results ignored="0" total="1" passed="1" failed="0" skipped="0">
  <reporter-output>
  </reporter-output>
  <suite started-at="2020-07-15T04:39:55Z" name="Legato" finished-at="2020-07-15T04:40:07Z" duration-ms="12432">
    <groups>
    </groups>
    <test started-at="2020-07-15T04:39:55Z" name="ITMS_APP" finished-at="2020-07-15T04:40:07Z" duration-ms="12432">
      <class name="com.Legato.testCases.LoginTest">
        <test-method is-config="true" signature="setUp()[pri:0, instance:com.Legato.testCases.LoginTest@6ae5aa72]" started-at="2020-07-15T04:39:55Z" name="setUp" finished-at="2020-07-15T04:39:57Z" duration-ms="1784" status="PASS">
          <reporter-output>
          </reporter-output>
        </test-method> <!-- setUp -->
        <test-method signature="loginTest()[pri:0, instance:com.Legato.testCases.LoginTest@6ae5aa72]" started-at="2020-07-15T04:39:57Z" name="loginTest" finished-at="2020-07-15T04:40:06Z" duration-ms="9519" status="PASS">
          <reporter-output>
          </reporter-output>
        </test-method> <!-- loginTest -->
        <test-method is-config="true" signature="tearDown()[pri:0, instance:com.Legato.testCases.LoginTest@6ae5aa72]" started-at="2020-07-15T04:40:06Z" name="tearDown" finished-at="2020-07-15T04:40:07Z" duration-ms="797" status="PASS">
          <reporter-output>
          </reporter-output>
        </test-method> <!-- tearDown -->
      </class> <!-- com.Legato.testCases.LoginTest -->
    </test> <!-- ITMS_APP -->
  </suite> <!-- Legato -->
</testng-results>
